[2015.09.04 19:51:54] (Coverage): Error during class instrumentation: com.sun.java.swing.SwingUtilities3
java.lang.NullPointerException
	at com.intellij.rt.coverage.instrumentation.Instrumentator$MyClassWriter.typeInfo(Instrumentator.java:370)
	at com.intellij.rt.coverage.instrumentation.Instrumentator$MyClassWriter.getCommonSuperClass(Instrumentator.java:295)
	at org.jetbrains.org.objectweb.asm.ClassWriter.getMergedType(ClassWriter.java:1654)
	at org.jetbrains.org.objectweb.asm.Frame.merge(Frame.java:1426)
	at org.jetbrains.org.objectweb.asm.Frame.merge(Frame.java:1325)
	at org.jetbrains.org.objectweb.asm.MethodWriter.visitMaxs(MethodWriter.java:1475)
	at org.jetbrains.org.objectweb.asm.MethodVisitor.visitMaxs(MethodVisitor.java:866)
	at com.intellij.rt.coverage.instrumentation.SamplingInstrumenter$1.visitMaxs(SamplingInstrumenter.java:99)
	at org.jetbrains.org.objectweb.asm.ClassReader.readCode(ClassReader.java:1554)
	at org.jetbrains.org.objectweb.asm.ClassReader.readMethod(ClassReader.java:1017)
	at org.jetbrains.org.objectweb.asm.ClassReader.accept(ClassReader.java:693)
	at org.jetbrains.org.objectweb.asm.ClassReader.accept(ClassReader.java:506)
	at com.intellij.rt.coverage.instrumentation.Instrumentator.instrument(Instrumentator.java:193)
	at com.intellij.rt.coverage.instrumentation.Instrumentator.access$000(Instrumentator.java:41)
	at com.intellij.rt.coverage.instrumentation.Instrumentator$1.transform(Instrumentator.java:154)
	at sun.instrument.TransformerManager.transform(TransformerManager.java:188)
	at sun.instrument.InstrumentationImpl.transform(InstrumentationImpl.java:428)
	at javax.swing.RepaintManager.getDelegate(RepaintManager.java:1724)
	at javax.swing.RepaintManager.addDirtyRegion(RepaintManager.java:476)
	at javax.swing.JComponent.repaint(JComponent.java:4798)
	at java.awt.Component.repaint(Component.java:3303)
	at javax.swing.JComponent.setFont(JComponent.java:2755)
	at javax.swing.LookAndFeel.installColorsAndFont(LookAndFeel.java:208)
	at javax.swing.plaf.basic.BasicPanelUI.installDefaults(BasicPanelUI.java:66)
	at javax.swing.plaf.basic.BasicPanelUI.installUI(BasicPanelUI.java:56)
	at javax.swing.JComponent.setUI(JComponent.java:663)
	at javax.swing.JPanel.setUI(JPanel.java:153)
	at javax.swing.JPanel.updateUI(JPanel.java:126)
	at javax.swing.JPanel.<init>(JPanel.java:86)
	at javax.swing.JPanel.<init>(JPanel.java:109)
	at javax.swing.JPanel.<init>(JPanel.java:117)
	at javax.swing.JRootPane.createGlassPane(JRootPane.java:546)
	at javax.swing.JRootPane.<init>(JRootPane.java:366)
	at javax.swing.JFrame.createRootPane(JFrame.java:278)
	at javax.swing.JFrame.frameInit(JFrame.java:259)
	at javax.swing.JFrame.<init>(JFrame.java:182)
	at com.windows.AbstractWindow.<init>(AbstractWindow.java:18)
	at com.windows.MainWindow.<init>(MainWindow.java:20)
	at com.Main.<clinit>(Main.java:11)
	at java.lang.Class.forName0(Native Method)
	at java.lang.Class.forName(Class.java:259)
	at com.intellij.rt.execution.application.AppMain.main(AppMain.java:122)
[2015.09.04 19:51:55] (Coverage): Error during class instrumentation: com.sun.beans.util.Cache$Kind$2
java.lang.NullPointerException
	at com.intellij.rt.coverage.instrumentation.Instrumentator$MyClassWriter.typeInfo(Instrumentator.java:370)
	at com.intellij.rt.coverage.instrumentation.Instrumentator$MyClassWriter.getCommonSuperClass(Instrumentator.java:295)
	at org.jetbrains.org.objectweb.asm.ClassWriter.getMergedType(ClassWriter.java:1654)
	at org.jetbrains.org.objectweb.asm.Frame.merge(Frame.java:1426)
	at org.jetbrains.org.objectweb.asm.Frame.merge(Frame.java:1374)
	at org.jetbrains.org.objectweb.asm.MethodWriter.visitMaxs(MethodWriter.java:1475)
	at org.jetbrains.org.objectweb.asm.MethodVisitor.visitMaxs(MethodVisitor.java:866)
	at com.intellij.rt.coverage.instrumentation.SamplingInstrumenter$1.visitMaxs(SamplingInstrumenter.java:99)
	at org.jetbrains.org.objectweb.asm.ClassReader.readCode(ClassReader.java:1554)
	at org.jetbrains.org.objectweb.asm.ClassReader.readMethod(ClassReader.java:1017)
	at org.jetbrains.org.objectweb.asm.ClassReader.accept(ClassReader.java:693)
	at org.jetbrains.org.objectweb.asm.ClassReader.accept(ClassReader.java:506)
	at com.intellij.rt.coverage.instrumentation.Instrumentator.instrument(Instrumentator.java:193)
	at com.intellij.rt.coverage.instrumentation.Instrumentator.access$000(Instrumentator.java:41)
	at com.intellij.rt.coverage.instrumentation.Instrumentator$1.transform(Instrumentator.java:154)
	at sun.instrument.TransformerManager.transform(TransformerManager.java:188)
	at sun.instrument.InstrumentationImpl.transform(InstrumentationImpl.java:428)
	at com.sun.beans.util.Cache$Kind.<clinit>(Cache.java:411)
	at javax.swing.text.JTextComponent.<clinit>(JTextComponent.java:3873)
	at com.windows.Blank.createOneField(Blank.java:135)
	at com.windows.Blank.createTextFields(Blank.java:118)
	at com.windows.Blank.<init>(Blank.java:89)
	at com.windows.MainWindow.createBlanks(MainWindow.java:104)
	at com.Main.main(Main.java:24)
	at sun.reflect.NativeMethodAccessorImpl.invoke0(Native Method)
	at sun.reflect.NativeMethodAccessorImpl.invoke(NativeMethodAccessorImpl.java:62)
	at sun.reflect.DelegatingMethodAccessorImpl.invoke(DelegatingMethodAccessorImpl.java:43)
	at java.lang.reflect.Method.invoke(Method.java:483)
	at com.intellij.rt.execution.application.AppMain.main(AppMain.java:140)
[2015.09.04 19:51:55] (Coverage): Error during class instrumentation: com.sun.beans.util.Cache$Kind$3
java.lang.NullPointerException
	at com.intellij.rt.coverage.instrumentation.Instrumentator$MyClassWriter.typeInfo(Instrumentator.java:370)
	at com.intellij.rt.coverage.instrumentation.Instrumentator$MyClassWriter.getCommonSuperClass(Instrumentator.java:295)
	at org.jetbrains.org.objectweb.asm.ClassWriter.getMergedType(ClassWriter.java:1654)
	at org.jetbrains.org.objectweb.asm.Frame.merge(Frame.java:1426)
	at org.jetbrains.org.objectweb.asm.Frame.merge(Frame.java:1374)
	at org.jetbrains.org.objectweb.asm.MethodWriter.visitMaxs(MethodWriter.java:1475)
	at org.jetbrains.org.objectweb.asm.MethodVisitor.visitMaxs(MethodVisitor.java:866)
	at com.intellij.rt.coverage.instrumentation.SamplingInstrumenter$1.visitMaxs(SamplingInstrumenter.java:99)
	at org.jetbrains.org.objectweb.asm.ClassReader.readCode(ClassReader.java:1554)
	at org.jetbrains.org.objectweb.asm.ClassReader.readMethod(ClassReader.java:1017)
	at org.jetbrains.org.objectweb.asm.ClassReader.accept(ClassReader.java:693)
	at org.jetbrains.org.objectweb.asm.ClassReader.accept(ClassReader.java:506)
	at com.intellij.rt.coverage.instrumentation.Instrumentator.instrument(Instrumentator.java:193)
	at com.intellij.rt.coverage.instrumentation.Instrumentator.access$000(Instrumentator.java:41)
	at com.intellij.rt.coverage.instrumentation.Instrumentator$1.transform(Instrumentator.java:154)
	at sun.instrument.TransformerManager.transform(TransformerManager.java:188)
	at sun.instrument.InstrumentationImpl.transform(InstrumentationImpl.java:428)
	at com.sun.beans.util.Cache$Kind.<clinit>(Cache.java:418)
	at javax.swing.text.JTextComponent.<clinit>(JTextComponent.java:3873)
	at com.windows.Blank.createOneField(Blank.java:135)
	at com.windows.Blank.createTextFields(Blank.java:118)
	at com.windows.Blank.<init>(Blank.java:89)
	at com.windows.MainWindow.createBlanks(MainWindow.java:104)
	at com.Main.main(Main.java:24)
	at sun.reflect.NativeMethodAccessorImpl.invoke0(Native Method)
	at sun.reflect.NativeMethodAccessorImpl.invoke(NativeMethodAccessorImpl.java:62)
	at sun.reflect.DelegatingMethodAccessorImpl.invoke(DelegatingMethodAccessorImpl.java:43)
	at java.lang.reflect.Method.invoke(Method.java:483)
	at com.intellij.rt.execution.application.AppMain.main(AppMain.java:140)
